<?xml version="1.0" encoding="UTF-8"?>
<testsuite xmlns:xsi="http://www.w3.org/2001/XMLSchema-instance" xsi:noNamespaceSchemaLocation="https://maven.apache.org/surefire/maven-surefire-plugin/xsd/surefire-test-report-3.0.xsd" version="3.0" name="congestion.calculator.CongestionTaxCalculatorTest" time="0.23" tests="11" errors="0" skipped="0" failures="0">
  <properties>
[...]
</properties>
  <testcase name="testIsTollFreeDateFix(String, Boolean)[1]" classname="congestion.calculator.CongestionTaxCalculatorTest" time="0.079"/>
  <testcase name="testIsTollFreeDateFix(String, Boolean)[2]" classname="congestion.calculator.CongestionTaxCalculatorTest" time="0.001"/>
  <testcase name="testIsTollFreeDateFix(String, Boolean)[3]" classname="congestion.calculator.CongestionTaxCalculatorTest" time="0.003"/>
  <testcase name="testIsTollFreeDateFix(String, Boolean)[4]" classname="congestion.calculator.CongestionTaxCalculatorTest" time="0.002"/>
  <testcase name="testIsTollFreeDateFix(String, Boolean)[5]" classname="congestion.calculator.CongestionTaxCalculatorTest" time="0.002"/>
  <testcase name="testIsTollFreeDateFix(String, Boolean)[6]" classname="congestion.calculator.CongestionTaxCalculatorTest" time="0.001"/>
  <testcase name="testIsTollFreeDateFix(String, Boolean)[7]" classname="congestion.calculator.CongestionTaxCalculatorTest" time="0.001"/>
  <testcase name="testIsTollFreeDateFix(String, Boolean)[8]" classname="congestion.calculator.CongestionTaxCalculatorTest" time="0.002"/>
  <testcase name="testIsTollFreeDateFix(String, Boolean)[9]" classname="congestion.calculator.CongestionTaxCalculatorTest" time="0.001"/>
  <testcase name="testIsTollFreeDateFix(String, Boolean)[10]" classname="congestion.calculator.CongestionTaxCalculatorTest" time="0.001"/>
  <testcase name="testIsTollFreeDateFix(String, Boolean)[11]" classname="congestion.calculator.CongestionTaxCalculatorTest" time="0.002"/>
</testsuite>